2021-10-11 17:35:46,970 [main] INFO  bootstrap.Driver - The Great Indian Snakes & Ladders 
2021-10-11 17:36:01,348 [main] INFO  bootstrap.Driver - The Great Indian Snakes & Ladders 
2021-10-11 17:36:03,581 [main] INFO  bootstrap.Driver - Fetching previous game status
2021-10-11 17:36:07,965 [main] INFO  bootstrap.Driver -  got a 5 on dice
2021-10-11 17:36:10,673 [main] INFO  bootstrap.Driver - Game paused by kp
2021-10-11 17:36:18,800 [main] INFO  bootstrap.Driver - The Great Indian Snakes & Ladders 
2021-10-11 17:36:20,662 [main] INFO  bootstrap.Driver - New game started
2021-10-11 17:37:08,226 [main] INFO  bootstrap.Driver - The Great Indian Snakes & Ladders 
2021-10-11 17:37:12,487 [main] INFO  bootstrap.Driver - New game started
2021-10-11 17:38:19,449 [main] INFO  bootstrap.Driver - The Great Indian Snakes & Ladders 
2021-10-11 17:38:21,574 [main] INFO  bootstrap.Driver - New game started
2021-10-11 17:39:02,976 [main] INFO  bootstrap.Driver - The Great Indian Snakes & Ladders 
2021-10-11 17:39:04,532 [main] INFO  bootstrap.Driver - New game started
2021-10-11 17:39:12,668 [main] INFO  bootstrap.Driver - Game paused by k
2021-10-11 17:39:17,648 [main] INFO  bootstrap.Driver - The Great Indian Snakes & Ladders 
2021-10-11 17:39:19,525 [main] INFO  bootstrap.Driver - Fetching previous game status
2021-10-11 17:39:22,545 [main] INFO  bootstrap.Driver - k got a 4 on dice
2021-10-11 17:39:26,300 [main] INFO  bootstrap.Driver - l got a 2 on dice
2021-10-11 17:39:28,133 [main] INFO  bootstrap.Driver - g got a 5 on dice
2021-10-11 17:40:38,603 [main] INFO  bootstrap.Driver - Game paused by k
2021-10-11 17:41:15,678 [main] INFO  bootstrap.Driver - The Great Indian Snakes & Ladders 
2021-10-11 17:41:18,809 [main] INFO  bootstrap.Driver - Fetching previous game status
2021-10-11 17:41:23,231 [main] INFO  bootstrap.Driver - g got a 1 on dice
2021-10-11 17:41:25,866 [main] INFO  bootstrap.Driver - Game paused by k
2021-10-11 17:41:30,985 [main] INFO  bootstrap.Driver - The Great Indian Snakes & Ladders 
2021-10-11 17:41:32,695 [main] INFO  bootstrap.Driver - Fetching previous game status
2021-10-11 17:41:35,741 [main] INFO  bootstrap.Driver - g got a 4 on dice
2021-10-11 17:41:35,742 [main] INFO  bootstrap.Driver - g found a ladder
2021-10-11 17:41:37,125 [main] INFO  bootstrap.Driver - k got a 1 on dice
2021-10-11 17:41:38,676 [main] INFO  bootstrap.Driver - l got a 2 on dice
